Crashlog created at 2014-09-30 17:09:13 +0200

===== MESSAGE:

Nanoc::Errors::UnknownLayout: The site does not have a layout with identifier “/_events/”.

===== COMPILATION STACK:

  - [item]   / (rep default)

===== STACK TRACE:

  0. /home/meise/.rbenv/versions/2.1.2/lib/ruby/gems/2.1.0/gems/nanoc-3.7.3/lib/nanoc/helpers/rendering.rb:83:in `render'
  1. item / (rep default):48:in `block in render'
  2. /home/meise/.rbenv/versions/2.1.2/lib/ruby/gems/2.1.0/gems/haml-4.0.5/lib/haml/engine.rb:129:in `eval'
  3. /home/meise/.rbenv/versions/2.1.2/lib/ruby/gems/2.1.0/gems/haml-4.0.5/lib/haml/engine.rb:129:in `render'
  4. /home/meise/.rbenv/versions/2.1.2/lib/ruby/gems/2.1.0/gems/nanoc-3.7.3/lib/nanoc/filters/haml.rb:23:in `run'
  5. /home/meise/.rbenv/versions/2.1.2/lib/ruby/gems/2.1.0/gems/nanoc-3.7.3/lib/nanoc/base/compilation/filter.rb:121:in `setup_and_run'
  6. /home/meise/.rbenv/versions/2.1.2/lib/ruby/gems/2.1.0/gems/nanoc-3.7.3/lib/nanoc/base/result_data/item_rep.rb:339:in `filter'
  7. /home/meise/.rbenv/versions/2.1.2/lib/ruby/gems/2.1.0/gems/nanoc-3.7.3/lib/nanoc/base/compilation/item_rep_proxy.rb:47:in `filter'
  8. /home/meise/.rbenv/versions/2.1.2/lib/ruby/gems/2.1.0/gems/nanoc-3.7.3/lib/nanoc/base/compilation/rule_context.rb:61:in `filter'
  9. /home/meise/projects/voc/website/new/Rules:29:in `block in parse'
  10. /home/meise/.rbenv/versions/2.1.2/lib/ruby/gems/2.1.0/gems/nanoc-3.7.3/lib/nanoc/base/compilation/rule.rb:70:in `instance_eval'
  11. /home/meise/.rbenv/versions/2.1.2/lib/ruby/gems/2.1.0/gems/nanoc-3.7.3/lib/nanoc/base/compilation/rule.rb:70:in `apply_to'
  12. /home/meise/.rbenv/versions/2.1.2/lib/ruby/gems/2.1.0/gems/nanoc-3.7.3/lib/nanoc/base/compilation/compiler.rb:386:in `compile_rep'
  13. /home/meise/.rbenv/versions/2.1.2/lib/ruby/gems/2.1.0/gems/nanoc-3.7.3/lib/nanoc/base/compilation/compiler.rb:342:in `block in compile_reps'
  14. /home/meise/.rbenv/versions/2.1.2/lib/ruby/gems/2.1.0/gems/nanoc-3.7.3/lib/nanoc/base/compilation/compiler.rb:335:in `loop'
  15. /home/meise/.rbenv/versions/2.1.2/lib/ruby/gems/2.1.0/gems/nanoc-3.7.3/lib/nanoc/base/compilation/compiler.rb:335:in `compile_reps'
  16. /home/meise/.rbenv/versions/2.1.2/lib/ruby/gems/2.1.0/gems/nanoc-3.7.3/lib/nanoc/base/compilation/compiler.rb:89:in `run'
  17. /home/meise/.rbenv/versions/2.1.2/lib/ruby/gems/2.1.0/gems/nanoc-3.7.3/lib/nanoc/base/source_data/site.rb:59:in `compile'
  18. /home/meise/.rbenv/versions/2.1.2/lib/ruby/gems/2.1.0/gems/nanoc-3.7.3/lib/nanoc/cli/commands/compile.rb:397:in `block in run'
  19. /home/meise/.rbenv/versions/2.1.2/lib/ruby/gems/2.1.0/gems/nanoc-3.7.3/lib/nanoc/cli/commands/compile.rb:438:in `run_listeners_while'
  20. /home/meise/.rbenv/versions/2.1.2/lib/ruby/gems/2.1.0/gems/nanoc-3.7.3/lib/nanoc/cli/commands/compile.rb:396:in `run'
  21. /home/meise/.rbenv/versions/2.1.2/lib/ruby/gems/2.1.0/gems/nanoc-3.7.3/lib/nanoc/cli/command_runner.rb:14:in `block in call'
  22. /home/meise/.rbenv/versions/2.1.2/lib/ruby/gems/2.1.0/gems/nanoc-3.7.3/lib/nanoc/cli/error_handler.rb:74:in `handle_while'
  23. /home/meise/.rbenv/versions/2.1.2/lib/ruby/gems/2.1.0/gems/nanoc-3.7.3/lib/nanoc/cli/error_handler.rb:26:in `handle_while'
  24. /home/meise/.rbenv/versions/2.1.2/lib/ruby/gems/2.1.0/gems/nanoc-3.7.3/lib/nanoc/cli/command_runner.rb:13:in `call'
  25. /home/meise/.rbenv/versions/2.1.2/lib/ruby/gems/2.1.0/gems/cri-2.6.1/lib/cri/command_dsl.rb:223:in `block in runner'
  26. /home/meise/.rbenv/versions/2.1.2/lib/ruby/gems/2.1.0/gems/cri-2.6.1/lib/cri/command.rb:298:in `call'
  27. /home/meise/.rbenv/versions/2.1.2/lib/ruby/gems/2.1.0/gems/cri-2.6.1/lib/cri/command.rb:298:in `run_this'
  28. /home/meise/.rbenv/versions/2.1.2/lib/ruby/gems/2.1.0/gems/cri-2.6.1/lib/cri/command.rb:251:in `run'
  29. /home/meise/.rbenv/versions/2.1.2/lib/ruby/gems/2.1.0/gems/cri-2.6.1/lib/cri/command.rb:264:in `run'
  30. /home/meise/.rbenv/versions/2.1.2/lib/ruby/gems/2.1.0/gems/nanoc-3.7.3/lib/nanoc/cli.rb:59:in `block in run'
  31. /home/meise/.rbenv/versions/2.1.2/lib/ruby/gems/2.1.0/gems/nanoc-3.7.3/lib/nanoc/cli/error_handler.rb:74:in `handle_while'
  32. /home/meise/.rbenv/versions/2.1.2/lib/ruby/gems/2.1.0/gems/nanoc-3.7.3/lib/nanoc/cli/error_handler.rb:26:in `handle_while'
  33. /home/meise/.rbenv/versions/2.1.2/lib/ruby/gems/2.1.0/gems/nanoc-3.7.3/lib/nanoc/cli.rb:57:in `run'
  34. /home/meise/.rbenv/versions/2.1.2/lib/ruby/gems/2.1.0/gems/nanoc-3.7.3/bin/nanoc:25:in `<top (required)>'
  35. /home/meise/.rbenv/versions/2.1.2/bin/nanoc:23:in `load'

===== VERSION INFORMATION:

nanoc 3.7.3 © 2007-2014 Denis Defreyne.
Running ruby 2.1.2 (2014-05-08) on x86_64-linux with RubyGems 2.2.2.

===== SYSTEM INFORMATION:

Linux jihahihihi 3.16.3-1-ARCH #1 SMP PREEMPT Wed Sep 17 21:54:13 CEST 2014 x86_64 GNU/Linux

===== INSTALLED GEMS:

  adsf 1.2.0
  bundler 1.6.2
  chunky_png 1.3.1
  colored 1.2
  compass 0.12.2
  cri 2.6.1
  fssm 0.2.10
  haml 4.0.5
  mini_portile 0.6.0
  nanoc 3.7.3
  nokogiri 1.6.3.1
  rack 1.5.2
  sass 3.2.19
  tilt 1.4.1

===== ENVIRONMENT:

BUNDLE_BIN_PATH => "/home/meise/.rbenv/versions/2.1.2/lib/ruby/gems/2.1.0/gems/bundler-1.6.2/bin/bundle"
BUNDLE_GEMFILE => "/home/meise/projects/voc/website/Gemfile"
COLORFGBG => "15;0"
COLORTERM => "rxvt"
DESKTOP_STARTUP_ID => "i3/i3-sensible-terminal/485-26-jihahihihi_TIME438057844"
DISPLAY => ":0.0"
EDITOR => "vim"
GEM_HOME => "/home/meise/.rbenv/versions/2.1.2/lib/ruby/gems/2.1.0"
GEM_PATH => "/home/meise/.rbenv/versions/2.1.2/lib/ruby/gems/2.1.0:/home/meise/.gem/ruby/2.1.0"
GIT_AUTHOR_EMAIL => "meise@koeln.ccc.de"
GIT_AUTHOR_NAME => "Daniel Meißner"
GPG_AGENT_INFO => "/home/meise/.gnupg/S.gpg-agent:857:1"
HOME => "/home/meise"
JAVA_HOME => "/usr/lib/jvm/default"
LANG => "en_GB.utf8"
LESS => "SRMwi"
LESS_TERMCAP_mb => "\e[01;31m"
LESS_TERMCAP_md => "\e[01;31m"
LESS_TERMCAP_me => "\e[0m"
LESS_TERMCAP_se => "\e[0m"
LESS_TERMCAP_so => "\e[01;44;33m"
LESS_TERMCAP_ue => "\e[0m"
LESS_TERMCAP_us => "\e[01;32m"
LOGNAME => "meise"
LS_COLORS => "rs=0:di=01;34:ln=01;36:mh=00:pi=40;33:so=01;35:do=01;35:bd=40;33;01:cd=40;33;01:or=40;31;01:su=37;41:sg=30;43:ca=30;41:tw=30;42:ow=34;42:st=37;44:ex=01;32:*.tar=01;31:*.tgz=01;31:*.arc=01;31:*.arj=01;31:*.taz=01;31:*.lha=01;31:*.lz4=01;31:*.lzh=01;31:*.lzma=01;31:*.tlz=01;31:*.txz=01;31:*.tzo=01;31:*.t7z=01;31:*.zip=01;31:*.z=01;31:*.Z=01;31:*.dz=01;31:*.gz=01;31:*.lrz=01;31:*.lz=01;31:*.lzo=01;31:*.xz=01;31:*.bz2=01;31:*.bz=01;31:*.tbz=01;31:*.tbz2=01;31:*.tz=01;31:*.deb=01;31:*.rpm=01;31:*.jar=01;31:*.war=01;31:*.ear=01;31:*.sar=01;31:*.rar=01;31:*.alz=01;31:*.ace=01;31:*.zoo=01;31:*.cpio=01;31:*.7z=01;31:*.rz=01;31:*.cab=01;31:*.jpg=01;35:*.jpeg=01;35:*.gif=01;35:*.bmp=01;35:*.pbm=01;35:*.pgm=01;35:*.ppm=01;35:*.tga=01;35:*.xbm=01;35:*.xpm=01;35:*.tif=01;35:*.tiff=01;35:*.png=01;35:*.svg=01;35:*.svgz=01;35:*.mng=01;35:*.pcx=01;35:*.mov=01;35:*.mpg=01;35:*.mpeg=01;35:*.m2v=01;35:*.mkv=01;35:*.webm=01;35:*.ogm=01;35:*.mp4=01;35:*.m4v=01;35:*.mp4v=01;35:*.vob=01;35:*.qt=01;35:*.nuv=01;35:*.wmv=01;35:*.asf=01;35:*.rm=01;35:*.rmvb=01;35:*.flc=01;35:*.avi=01;35:*.fli=01;35:*.flv=01;35:*.gl=01;35:*.dl=01;35:*.xcf=01;35:*.xwd=01;35:*.yuv=01;35:*.cgm=01;35:*.emf=01;35:*.axv=01;35:*.anx=01;35:*.ogv=01;35:*.ogx=01;35:*.aac=00;36:*.au=00;36:*.flac=00;36:*.m4a=00;36:*.mid=00;36:*.midi=00;36:*.mka=00;36:*.mp3=00;36:*.mpc=00;36:*.ogg=00;36:*.ra=00;36:*.wav=00;36:*.axa=00;36:*.oga=00;36:*.spx=00;36:*.xspf=00;36:"
MAIL => "/var/mail/meise"
MAVEN_OPTS => "-Xmx512m"
MOZ_PLUGIN_PATH => "/usr/lib/mozilla/plugins"
NVM_DIR => "/home/meise/.nvm"
NVM_NODEJS_ORG_MIRROR => "http://nodejs.org/dist"
PAGER => "zless"
PATH => "/home/meise/.rbenv/versions/2.1.2/lib/ruby/gems/2.1.0/bin:/home/meise/.rbenv/versions/2.1.2/bin:/home/meise/.rbenv/libexec:/home/meise/.rbenv/plugins/rbenv-gemset/bin:/home/meise/.rbenv/plugins/ruby-build/bin:/home/meise/.pythonbrew/bin:/home/meise/.pythonbrew/pythons/Python-2.7.2/bin:/home/meise/.rbenv/shims:/home/meise/.rbenv/bin:/usr/local/sbin:/usr/local/bin:/usr/bin:/usr/bin/site_perl:/usr/bin/vendor_perl:/usr/bin/core_perl"
PROMPT => "%{\e[32m%}%n%{\e[35m%}@%{\e[32m%}%m%{\e[36m%}:%{\e[35m%}%~%{\e[33m%}$%{\e[m\e(B%} "
PWD => "/home/meise/projects/voc/website/new"
PYTHONPATH => "/home/meise/.pythonbrew/pythons/Python-2.7.2/lib"
RBENV_DIR => "/home/meise/projects/voc/website/new"
RBENV_GEMSET_ALREADY => "yes"
RBENV_HOOK_PATH => ":/home/meise/.rbenv/rbenv.d:/usr/local/etc/rbenv.d:/etc/rbenv.d:/usr/lib/rbenv/hooks:/home/meise/.rbenv/plugins/rbenv-gemset/etc/rbenv.d"
RBENV_ROOT => "/home/meise/.rbenv"
RBENV_SHELL => "zsh"
RBENV_VERSION => "2.1.2"
RPROMPT => "20%D %*"
RUBYLIB => "/home/meise/.rbenv/versions/2.1.2/lib/ruby/gems/2.1.0/gems/bundler-1.6.2/lib"
RUBYOPT => "-rbundler/setup"
SHELL => "/bin/zsh"
SHLVL => "2"
SSH_AGENT_PID => "831"
SSH_ASKPASS => "/usr/lib/ssh/x11-ssh-askpass"
SSH_AUTH_SOCK => "/tmp/ssh-nJjKdvxR051E/agent.830"
TERM => "rxvt-unicode"
TERMINFO => "/usr/share/terminfo"
USER => "meise"
VIRSH_DEFAULT_CONNECT_URI => "qemu:///system"
WINDOWID => "46137353"
XAUTHORITY => "/home/meise/.Xauthority"
XDG_RUNTIME_DIR => "/run/user/1000"
XDG_SEAT => "seat0"
XDG_SESSION_ID => "c1"
XDG_VTNR => "7"

===== LOAD PATHS:

  0. /home/meise/.rbenv/versions/2.1.2/lib/ruby/gems/2.1.0/gems/nanoc-3.7.3/lib
  1. /home/meise/.rbenv/versions/2.1.2/lib/ruby/gems/2.1.0/extensions/x86_64-linux/2.1.0-static/nokogiri-1.6.3.1
  2. /home/meise/.rbenv/versions/2.1.2/lib/ruby/gems/2.1.0/gems/nokogiri-1.6.3.1/lib
  3. /home/meise/.rbenv/versions/2.1.2/lib/ruby/gems/2.1.0/gems/nanoc-3.7.3/lib
  4. /home/meise/.rbenv/versions/2.1.2/lib/ruby/gems/2.1.0/gems/mini_portile-0.6.0/lib
  5. /home/meise/.rbenv/versions/2.1.2/lib/ruby/gems/2.1.0/gems/haml-4.0.5/lib
  6. /home/meise/.rbenv/versions/2.1.2/lib/ruby/gems/2.1.0/gems/tilt-1.4.1/lib
  7. /home/meise/.rbenv/versions/2.1.2/lib/ruby/gems/2.1.0/gems/cri-2.6.1/lib
  8. /home/meise/.rbenv/versions/2.1.2/lib/ruby/gems/2.1.0/gems/compass-0.12.2/lib
  9. /home/meise/.rbenv/versions/2.1.2/lib/ruby/gems/2.1.0/gems/sass-3.2.19/lib
  10. /home/meise/.rbenv/versions/2.1.2/lib/ruby/gems/2.1.0/gems/fssm-0.2.10/lib
  11. /home/meise/.rbenv/versions/2.1.2/lib/ruby/gems/2.1.0/gems/colored-1.2/lib
  12. /home/meise/.rbenv/versions/2.1.2/lib/ruby/gems/2.1.0/gems/chunky_png-1.3.1/lib
  13. /home/meise/.rbenv/versions/2.1.2/lib/ruby/gems/2.1.0/gems/adsf-1.2.0/lib
  14. /home/meise/.rbenv/versions/2.1.2/lib/ruby/gems/2.1.0/gems/rack-1.5.2/lib
  15. /home/meise/.rbenv/versions/2.1.2/lib/ruby/gems/2.1.0/gems/bundler-1.6.2/lib
  16. /home/meise/.rbenv/versions/2.1.2/lib/ruby/site_ruby/2.1.0
  17. /home/meise/.rbenv/versions/2.1.2/lib/ruby/site_ruby/2.1.0/x86_64-linux
  18. /home/meise/.rbenv/versions/2.1.2/lib/ruby/site_ruby
  19. /home/meise/.rbenv/versions/2.1.2/lib/ruby/vendor_ruby/2.1.0
  20. /home/meise/.rbenv/versions/2.1.2/lib/ruby/vendor_ruby/2.1.0/x86_64-linux
  21. /home/meise/.rbenv/versions/2.1.2/lib/ruby/vendor_ruby
  22. /home/meise/.rbenv/versions/2.1.2/lib/ruby/2.1.0
  23. /home/meise/.rbenv/versions/2.1.2/lib/ruby/2.1.0/x86_64-linux
